<?xml version="1.0" encoding="UTF-8"?>
<!-- Generated by org.testng.reporters.JUnitReportReporter -->
<testsuite hostname="NRDivase" failures="0" tests="1" name="examofjava.Array" time="0.006" errors="0" timestamp="2022-05-17T20:56:18 IST" skipped="0">
  <testcase classname="examofjava.Array" name="test" time="0.006"/>
  <system-out/>
</testsuite> <!-- examofjava.Array -->
